2026-02-03 13:34:35 startup archives unpack
2026-02-03 13:34:35 upgrade google-chrome-stable:amd64 144.0.7559.59-1 144.0.7559.109-1
2026-02-03 13:34:35 status half-configured google-chrome-stable:amd64 144.0.7559.59-1
2026-02-03 13:34:35 status unpacked google-chrome-stable:amd64 144.0.7559.59-1
2026-02-03 13:34:35 status half-installed google-chrome-stable:amd64 144.0.7559.59-1
2026-02-03 13:34:38 status triggers-pending gnome-menus:amd64 3.36.0-1.1ubuntu3
2026-02-03 13:34:38 status triggers-pending desktop-file-utils:amd64 0.28-1
2026-02-03 13:34:38 status triggers-pending man-db:amd64 2.13.0-1
2026-02-03 13:34:38 status unpacked google-chrome-stable:amd64 144.0.7559.109-1
2026-02-03 13:34:38 upgrade code:amd64 1.108.1-1768404234 1.108.2-1769004815
2026-02-03 13:34:38 status half-configured code:amd64 1.108.1-1768404234
2026-02-03 13:34:38 status unpacked code:amd64 1.108.1-1768404234
2026-02-03 13:34:38 status half-installed code:amd64 1.108.1-1768404234
2026-02-03 13:34:40 status triggers-pending shared-mime-info:amd64 2.4-5build1
2026-02-03 13:34:42 status unpacked code:amd64 1.108.2-1769004815
2026-02-03 13:34:42 upgrade fwupd:amd64 2.0.7-1 2.0.13-1~25.04.1
2026-02-03 13:34:42 status half-configured fwupd:amd64 2.0.7-1
2026-02-03 13:34:42 status unpacked fwupd:amd64 2.0.7-1
2026-02-03 13:34:42 status half-installed fwupd:amd64 2.0.7-1
2026-02-03 13:34:43 status triggers-pending dbus:amd64 1.16.2-2ubuntu1
2026-02-03 13:34:43 status triggers-pending hicolor-icon-theme:all 0.18-2
2026-02-03 13:34:43 status unpacked fwupd:amd64 2.0.13-1~25.04.1
2026-02-03 13:34:43 upgrade libfwupd3:amd64 2.0.7-1 2.0.13-1~25.04.1
2026-02-03 13:34:43 status triggers-pending libc-bin:amd64 2.41-6ubuntu1.2
2026-02-03 13:34:43 status half-configured libfwupd3:amd64 2.0.7-1
2026-02-03 13:34:43 status unpacked libfwupd3:amd64 2.0.7-1
2026-02-03 13:34:43 status half-installed libfwupd3:amd64 2.0.7-1
2026-02-03 13:34:43 status unpacked libfwupd3:amd64 2.0.13-1~25.04.1
2026-02-03 13:34:43 startup packages configure
2026-02-03 13:34:43 configure code:amd64 1.108.2-1769004815 <none>
2026-02-03 13:34:43 status unpacked code:amd64 1.108.2-1769004815
2026-02-03 13:34:43 status half-configured code:amd64 1.108.2-1769004815
2026-02-03 13:34:45 status installed code:amd64 1.108.2-1769004815
2026-02-03 13:34:45 configure google-chrome-stable:amd64 144.0.7559.109-1 <none>
2026-02-03 13:34:45 status unpacked google-chrome-stable:amd64 144.0.7559.109-1
2026-02-03 13:34:45 status half-configured google-chrome-stable:amd64 144.0.7559.109-1
2026-02-03 13:34:45 status installed google-chrome-stable:amd64 144.0.7559.109-1
2026-02-03 13:34:45 configure libfwupd3:amd64 2.0.13-1~25.04.1 <none>
2026-02-03 13:34:45 status unpacked libfwupd3:amd64 2.0.13-1~25.04.1
2026-02-03 13:34:45 status half-configured libfwupd3:amd64 2.0.13-1~25.04.1
2026-02-03 13:34:45 status installed libfwupd3:amd64 2.0.13-1~25.04.1
2026-02-03 13:34:46 configure fwupd:amd64 2.0.13-1~25.04.1 <none>
2026-02-03 13:34:46 status unpacked fwupd:amd64 2.0.13-1~25.04.1
2026-02-03 13:34:46 status half-configured fwupd:amd64 2.0.13-1~25.04.1
2026-02-03 13:34:46 status installed fwupd:amd64 2.0.13-1~25.04.1
2026-02-03 13:34:46 trigproc hicolor-icon-theme:all 0.18-2 <none>
2026-02-03 13:34:46 status half-configured hicolor-icon-theme:all 0.18-2
2026-02-03 13:34:46 status installed hicolor-icon-theme:all 0.18-2
2026-02-03 13:34:46 trigproc gnome-menus:amd64 3.36.0-1.1ubuntu3 <none>
2026-02-03 13:34:46 status half-configured gnome-menus:amd64 3.36.0-1.1ubuntu3
2026-02-03 13:34:46 status installed gnome-menus:amd64 3.36.0-1.1ubuntu3
2026-02-03 13:34:46 trigproc libc-bin:amd64 2.41-6ubuntu1.2 <none>
2026-02-03 13:34:46 status half-configured libc-bin:amd64 2.41-6ubuntu1.2
2026-02-03 13:34:46 status installed libc-bin:amd64 2.41-6ubuntu1.2
2026-02-03 13:34:46 trigproc man-db:amd64 2.13.0-1 <none>
2026-02-03 13:34:46 status half-configured man-db:amd64 2.13.0-1
2026-02-03 13:34:48 status installed man-db:amd64 2.13.0-1
2026-02-03 13:34:48 trigproc dbus:amd64 1.16.2-2ubuntu1 <none>
2026-02-03 13:34:48 status half-configured dbus:amd64 1.16.2-2ubuntu1
2026-02-03 13:34:48 status installed dbus:amd64 1.16.2-2ubuntu1
2026-02-03 13:34:48 trigproc shared-mime-info:amd64 2.4-5build1 <none>
2026-02-03 13:34:48 status half-configured shared-mime-info:amd64 2.4-5build1
2026-02-03 13:34:49 status installed shared-mime-info:amd64 2.4-5build1
2026-02-03 13:34:49 trigproc desktop-file-utils:amd64 0.28-1 <none>
2026-02-03 13:34:49 status half-configured desktop-file-utils:amd64 0.28-1
2026-02-03 13:34:49 status installed desktop-file-utils:amd64 0.28-1
2026-02-04 14:52:15 startup archives unpack
2026-02-04 14:52:16 install lksctp-tools:amd64 <none> 1.0.21+dfsg-1
2026-02-04 14:52:16 status half-installed lksctp-tools:amd64 1.0.21+dfsg-1
2026-02-04 14:52:16 status triggers-pending man-db:amd64 2.13.0-1
2026-02-04 14:52:16 status unpacked lksctp-tools:amd64 1.0.21+dfsg-1
2026-02-04 14:52:16 startup packages configure
2026-02-04 14:52:16 configure lksctp-tools:amd64 1.0.21+dfsg-1 <none>
2026-02-04 14:52:16 status unpacked lksctp-tools:amd64 1.0.21+dfsg-1
2026-02-04 14:52:16 status half-configured lksctp-tools:amd64 1.0.21+dfsg-1
2026-02-04 14:52:16 status installed lksctp-tools:amd64 1.0.21+dfsg-1
2026-02-04 14:52:16 trigproc man-db:amd64 2.13.0-1 <none>
2026-02-04 14:52:16 status half-configured man-db:amd64 2.13.0-1
2026-02-04 14:52:16 status installed man-db:amd64 2.13.0-1
2026-02-09 13:26:32 startup archives unpack
2026-02-09 13:26:32 install liblzf1:amd64 <none> 3.6-4
2026-02-09 13:26:32 status triggers-pending libc-bin:amd64 2.41-6ubuntu1.2
2026-02-09 13:26:32 status half-installed liblzf1:amd64 3.6-4
2026-02-09 13:26:32 status unpacked liblzf1:amd64 3.6-4
2026-02-09 13:26:32 install redis-tools:amd64 <none> 5:7.0.15-3ubuntu0.1
2026-02-09 13:26:32 status half-installed redis-tools:amd64 5:7.0.15-3ubuntu0.1
2026-02-09 13:26:32 status triggers-pending man-db:amd64 2.13.0-1
2026-02-09 13:26:32 status unpacked redis-tools:amd64 5:7.0.15-3ubuntu0.1
2026-02-09 13:26:32 install redis-server:amd64 <none> 5:7.0.15-3ubuntu0.1
2026-02-09 13:26:32 status half-installed redis-server:amd64 5:7.0.15-3ubuntu0.1
2026-02-09 13:26:32 status unpacked redis-server:amd64 5:7.0.15-3ubuntu0.1
2026-02-09 13:26:32 startup packages configure
2026-02-09 13:26:32 configure liblzf1:amd64 3.6-4 <none>
2026-02-09 13:26:32 status unpacked liblzf1:amd64 3.6-4
2026-02-09 13:26:32 status half-configured liblzf1:amd64 3.6-4
2026-02-09 13:26:32 status installed liblzf1:amd64 3.6-4
2026-02-09 13:26:32 configure redis-tools:amd64 5:7.0.15-3ubuntu0.1 <none>
2026-02-09 13:26:32 status unpacked redis-tools:amd64 5:7.0.15-3ubuntu0.1
2026-02-09 13:26:32 status half-configured redis-tools:amd64 5:7.0.15-3ubuntu0.1
2026-02-09 13:26:33 status installed redis-tools:amd64 5:7.0.15-3ubuntu0.1
2026-02-09 13:26:33 configure redis-server:amd64 5:7.0.15-3ubuntu0.1 <none>
2026-02-09 13:26:33 status unpacked redis-server:amd64 5:7.0.15-3ubuntu0.1
2026-02-09 13:26:33 status half-configured redis-server:amd64 5:7.0.15-3ubuntu0.1
2026-02-09 13:26:34 status installed redis-server:amd64 5:7.0.15-3ubuntu0.1
2026-02-09 13:26:34 trigproc man-db:amd64 2.13.0-1 <none>
2026-02-09 13:26:34 status half-configured man-db:amd64 2.13.0-1
2026-02-09 13:26:36 status installed man-db:amd64 2.13.0-1
2026-02-09 13:26:36 trigproc libc-bin:amd64 2.41-6ubuntu1.2 <none>
2026-02-09 13:26:36 status half-configured libc-bin:amd64 2.41-6ubuntu1.2
2026-02-09 13:26:36 status installed libc-bin:amd64 2.41-6ubuntu1.2
2026-02-25 16:50:53 startup archives unpack
2026-02-25 16:50:53 upgrade google-chrome-stable:amd64 144.0.7559.109-1 145.0.7632.116-1
2026-02-25 16:50:53 status half-configured google-chrome-stable:amd64 144.0.7559.109-1
2026-02-25 16:50:53 status unpacked google-chrome-stable:amd64 144.0.7559.109-1
2026-02-25 16:50:53 status half-installed google-chrome-stable:amd64 144.0.7559.109-1
2026-02-25 16:51:04 status triggers-pending gnome-menus:amd64 3.36.0-1.1ubuntu3
2026-02-25 16:51:04 status triggers-pending desktop-file-utils:amd64 0.28-1
2026-02-25 16:51:04 status triggers-pending man-db:amd64 2.13.0-1
2026-02-25 16:51:05 status unpacked google-chrome-stable:amd64 145.0.7632.116-1
2026-02-25 16:51:05 upgrade code:amd64 1.108.2-1769004815 1.109.5-1771531656
2026-02-25 16:51:05 status half-configured code:amd64 1.108.2-1769004815
2026-02-25 16:51:05 status unpacked code:amd64 1.108.2-1769004815
2026-02-25 16:51:05 status half-installed code:amd64 1.108.2-1769004815
2026-02-25 16:51:09 status triggers-pending shared-mime-info:amd64 2.4-5build1
2026-02-25 16:51:12 status unpacked code:amd64 1.109.5-1771531656
2026-02-25 16:51:12 startup packages configure
2026-02-25 16:51:12 configure code:amd64 1.109.5-1771531656 <none>
2026-02-25 16:51:12 status unpacked code:amd64 1.109.5-1771531656
2026-02-25 16:51:12 status half-configured code:amd64 1.109.5-1771531656
2026-02-25 16:51:15 status installed code:amd64 1.109.5-1771531656
2026-02-25 16:51:15 configure google-chrome-stable:amd64 145.0.7632.116-1 <none>
2026-02-25 16:51:15 status unpacked google-chrome-stable:amd64 145.0.7632.116-1
2026-02-25 16:51:15 status half-configured google-chrome-stable:amd64 145.0.7632.116-1
2026-02-25 16:51:16 status installed google-chrome-stable:amd64 145.0.7632.116-1
2026-02-25 16:51:16 trigproc gnome-menus:amd64 3.36.0-1.1ubuntu3 <none>
2026-02-25 16:51:16 status half-configured gnome-menus:amd64 3.36.0-1.1ubuntu3
2026-02-25 16:51:16 status installed gnome-menus:amd64 3.36.0-1.1ubuntu3
2026-02-25 16:51:16 trigproc man-db:amd64 2.13.0-1 <none>
2026-02-25 16:51:16 status half-configured man-db:amd64 2.13.0-1
2026-02-25 16:51:17 status installed man-db:amd64 2.13.0-1
2026-02-25 16:51:17 trigproc shared-mime-info:amd64 2.4-5build1 <none>
2026-02-25 16:51:17 status half-configured shared-mime-info:amd64 2.4-5build1
2026-02-25 16:51:19 status installed shared-mime-info:amd64 2.4-5build1
2026-02-25 16:51:19 trigproc desktop-file-utils:amd64 0.28-1 <none>
2026-02-25 16:51:19 status half-configured desktop-file-utils:amd64 0.28-1
2026-02-25 16:51:19 status installed desktop-file-utils:amd64 0.28-1
2026-03-13 11:45:07 startup packages remove
2026-03-13 11:45:07 status installed google-chrome-stable:amd64 145.0.7632.116-1
2026-03-13 11:45:07 remove google-chrome-stable:amd64 145.0.7632.116-1 <none>
2026-03-13 11:45:07 status half-configured google-chrome-stable:amd64 145.0.7632.116-1
2026-03-13 11:45:07 status half-installed google-chrome-stable:amd64 145.0.7632.116-1
2026-03-13 11:45:07 status triggers-pending man-db:amd64 2.13.0-1
2026-03-13 11:45:07 status triggers-pending gnome-menus:amd64 3.36.0-1.1ubuntu3
2026-03-13 11:45:07 status triggers-pending desktop-file-utils:amd64 0.28-1
2026-03-13 11:45:07 status config-files google-chrome-stable:amd64 145.0.7632.116-1
2026-03-13 11:45:07 startup packages configure
2026-03-13 11:45:07 trigproc gnome-menus:amd64 3.36.0-1.1ubuntu3 <none>
2026-03-13 11:45:07 status half-configured gnome-menus:amd64 3.36.0-1.1ubuntu3
2026-03-13 11:45:07 status installed gnome-menus:amd64 3.36.0-1.1ubuntu3
2026-03-13 11:45:07 trigproc man-db:amd64 2.13.0-1 <none>
2026-03-13 11:45:07 status half-configured man-db:amd64 2.13.0-1
2026-03-13 11:45:08 status installed man-db:amd64 2.13.0-1
2026-03-13 11:45:08 trigproc desktop-file-utils:amd64 0.28-1 <none>
2026-03-13 11:45:08 status half-configured desktop-file-utils:amd64 0.28-1
2026-03-13 11:45:08 status installed desktop-file-utils:amd64 0.28-1
2026-03-15 01:27:44 startup archives unpack
2026-03-15 01:27:44 install ca-certificates-java:all <none> 20240118
2026-03-15 01:27:44 status half-installed ca-certificates-java:all 20240118
2026-03-15 01:27:44 status unpacked ca-certificates-java:all 20240118
2026-03-15 01:27:44 install java-common:all <none> 0.76
2026-03-15 01:27:44 status half-installed java-common:all 0.76
2026-03-15 01:27:44 status triggers-pending man-db:amd64 2.13.0-1
2026-03-15 01:27:44 status unpacked java-common:all 0.76
2026-03-15 01:27:44 install openjdk-21-jre-headless:amd64 <none> 21.0.9+10-1~25.04
2026-03-15 01:27:44 status half-installed openjdk-21-jre-headless:amd64 21.0.9+10-1~25.04
2026-03-15 01:27:45 status unpacked openjdk-21-jre-headless:amd64 21.0.9+10-1~25.04
2026-03-15 01:27:45 install default-jre-headless:amd64 <none> 2:1.21-76
2026-03-15 01:27:45 status half-installed default-jre-headless:amd64 2:1.21-76
2026-03-15 01:27:45 status unpacked default-jre-headless:amd64 2:1.21-76
2026-03-15 01:27:46 install openjdk-21-jre:amd64 <none> 21.0.9+10-1~25.04
2026-03-15 01:27:46 status half-installed openjdk-21-jre:amd64 21.0.9+10-1~25.04
2026-03-15 01:27:46 status triggers-pending gnome-menus:amd64 3.36.0-1.1ubuntu3
2026-03-15 01:27:46 status triggers-pending desktop-file-utils:amd64 0.28-1
2026-03-15 01:27:46 status triggers-pending hicolor-icon-theme:all 0.18-2
2026-03-15 01:27:46 status unpacked openjdk-21-jre:amd64 21.0.9+10-1~25.04
2026-03-15 01:27:46 install default-jre:amd64 <none> 2:1.21-76
2026-03-15 01:27:46 status half-installed default-jre:amd64 2:1.21-76
2026-03-15 01:27:46 status unpacked default-jre:amd64 2:1.21-76
2026-03-15 01:27:46 install openjdk-21-jdk-headless:amd64 <none> 21.0.9+10-1~25.04
2026-03-15 01:27:46 status half-installed openjdk-21-jdk-headless:amd64 21.0.9+10-1~25.04
2026-03-15 01:27:46 status unpacked openjdk-21-jdk-headless:amd64 21.0.9+10-1~25.04
2026-03-15 01:27:46 install default-jdk-headless:amd64 <none> 2:1.21-76
2026-03-15 01:27:46 status half-installed default-jdk-headless:amd64 2:1.21-76
2026-03-15 01:27:46 status unpacked default-jdk-headless:amd64 2:1.21-76
2026-03-15 01:27:46 install openjdk-21-jdk:amd64 <none> 21.0.9+10-1~25.04
2026-03-15 01:27:46 status half-installed openjdk-21-jdk:amd64 21.0.9+10-1~25.04
2026-03-15 01:27:46 status unpacked openjdk-21-jdk:amd64 21.0.9+10-1~25.04
2026-03-15 01:27:46 install default-jdk:amd64 <none> 2:1.21-76
2026-03-15 01:27:46 status half-installed default-jdk:amd64 2:1.21-76
2026-03-15 01:27:46 status unpacked default-jdk:amd64 2:1.21-76
2026-03-15 01:27:46 install fonts-dejavu-extra:all <none> 2.37-8
2026-03-15 01:27:46 status half-installed fonts-dejavu-extra:all 2.37-8
2026-03-15 01:27:46 status triggers-pending fontconfig:amd64 2.15.0-2.2ubuntu1
2026-03-15 01:27:46 status unpacked fonts-dejavu-extra:all 2.37-8
2026-03-15 01:27:46 install libatk-wrapper-java:all <none> 0.40.0-3build2
2026-03-15 01:27:46 status half-installed libatk-wrapper-java:all 0.40.0-3build2
2026-03-15 01:27:46 status unpacked libatk-wrapper-java:all 0.40.0-3build2
2026-03-15 01:27:47 install libatk-wrapper-java-jni:amd64 <none> 0.40.0-3build2
2026-03-15 01:27:47 status half-installed libatk-wrapper-java-jni:amd64 0.40.0-3build2
2026-03-15 01:27:47 status unpacked libatk-wrapper-java-jni:amd64 0.40.0-3build2
2026-03-15 01:27:47 install libxt-dev:amd64 <none> 1:1.2.1-1.2build1
2026-03-15 01:27:47 status half-installed libxt-dev:amd64 1:1.2.1-1.2build1
2026-03-15 01:27:47 status unpacked libxt-dev:amd64 1:1.2.1-1.2build1
2026-03-15 01:27:47 startup packages configure
2026-03-15 01:27:47 configure java-common:all 0.76 <none>
2026-03-15 01:27:47 status unpacked java-common:all 0.76
2026-03-15 01:27:47 status half-configured java-common:all 0.76
2026-03-15 01:27:47 status installed java-common:all 0.76
2026-03-15 01:27:47 configure libxt-dev:amd64 1:1.2.1-1.2build1 <none>
2026-03-15 01:27:47 status unpacked libxt-dev:amd64 1:1.2.1-1.2build1
2026-03-15 01:27:47 status half-configured libxt-dev:amd64 1:1.2.1-1.2build1
2026-03-15 01:27:47 status installed libxt-dev:amd64 1:1.2.1-1.2build1
2026-03-15 01:27:47 configure fonts-dejavu-extra:all 2.37-8 <none>
2026-03-15 01:27:47 status unpacked fonts-dejavu-extra:all 2.37-8
2026-03-15 01:27:47 status half-configured fonts-dejavu-extra:all 2.37-8
2026-03-15 01:27:47 status installed fonts-dejavu-extra:all 2.37-8
2026-03-15 01:27:47 configure libatk-wrapper-java:all 0.40.0-3build2 <none>
2026-03-15 01:27:47 status unpacked libatk-wrapper-java:all 0.40.0-3build2
2026-03-15 01:27:47 status half-configured libatk-wrapper-java:all 0.40.0-3build2
2026-03-15 01:27:47 status installed libatk-wrapper-java:all 0.40.0-3build2
2026-03-15 01:27:47 configure ca-certificates-java:all 20240118 <none>
2026-03-15 01:27:47 status unpacked ca-certificates-java:all 20240118
2026-03-15 01:27:47 status half-configured ca-certificates-java:all 20240118
2026-03-15 01:27:47 status installed ca-certificates-java:all 20240118
2026-03-15 01:27:47 configure openjdk-21-jre-headless:amd64 21.0.9+10-1~25.04 <none>
2026-03-15 01:27:47 status unpacked openjdk-21-jre-headless:amd64 21.0.9+10-1~25.04
2026-03-15 01:27:47 status half-configured openjdk-21-jre-headless:amd64 21.0.9+10-1~25.04
2026-03-15 01:27:47 status installed openjdk-21-jre-headless:amd64 21.0.9+10-1~25.04
2026-03-15 01:27:47 status triggers-pending ca-certificates-java:all 20240118
2026-03-15 01:27:47 status triggers-awaited openjdk-21-jre-headless:amd64 21.0.9+10-1~25.04
2026-03-15 01:27:47 configure libatk-wrapper-java-jni:amd64 0.40.0-3build2 <none>
2026-03-15 01:27:47 status unpacked libatk-wrapper-java-jni:amd64 0.40.0-3build2
2026-03-15 01:27:47 status half-configured libatk-wrapper-java-jni:amd64 0.40.0-3build2
2026-03-15 01:27:47 status installed libatk-wrapper-java-jni:amd64 0.40.0-3build2
2026-03-15 01:27:47 trigproc fontconfig:amd64 2.15.0-2.2ubuntu1 <none>
2026-03-15 01:27:47 status half-configured fontconfig:amd64 2.15.0-2.2ubuntu1
2026-03-15 01:27:47 status installed fontconfig:amd64 2.15.0-2.2ubuntu1
2026-03-15 01:27:47 trigproc desktop-file-utils:amd64 0.28-1 <none>
2026-03-15 01:27:47 status half-configured desktop-file-utils:amd64 0.28-1
2026-03-15 01:27:47 status installed desktop-file-utils:amd64 0.28-1
2026-03-15 01:27:47 trigproc hicolor-icon-theme:all 0.18-2 <none>
2026-03-15 01:27:47 status half-configured hicolor-icon-theme:all 0.18-2
2026-03-15 01:27:47 status installed hicolor-icon-theme:all 0.18-2
2026-03-15 01:27:47 trigproc gnome-menus:amd64 3.36.0-1.1ubuntu3 <none>
2026-03-15 01:27:47 status half-configured gnome-menus:amd64 3.36.0-1.1ubuntu3
2026-03-15 01:27:47 status installed gnome-menus:amd64 3.36.0-1.1ubuntu3
2026-03-15 01:27:47 trigproc man-db:amd64 2.13.0-1 <none>
2026-03-15 01:27:47 status half-configured man-db:amd64 2.13.0-1
2026-03-15 01:27:49 status installed man-db:amd64 2.13.0-1
2026-03-15 01:27:49 trigproc ca-certificates-java:all 20240118 <none>
2026-03-15 01:27:49 status half-configured ca-certificates-java:all 20240118
2026-03-15 01:27:49 status installed openjdk-21-jre-headless:amd64 21.0.9+10-1~25.04
2026-03-15 01:27:49 status installed ca-certificates-java:all 20240118
2026-03-15 01:27:49 configure openjdk-21-jre:amd64 21.0.9+10-1~25.04 <none>
2026-03-15 01:27:49 status unpacked openjdk-21-jre:amd64 21.0.9+10-1~25.04
2026-03-15 01:27:49 status half-configured openjdk-21-jre:amd64 21.0.9+10-1~25.04
2026-03-15 01:27:49 status installed openjdk-21-jre:amd64 21.0.9+10-1~25.04
2026-03-15 01:27:49 configure openjdk-21-jdk-headless:amd64 21.0.9+10-1~25.04 <none>
2026-03-15 01:27:49 status unpacked openjdk-21-jdk-headless:amd64 21.0.9+10-1~25.04
2026-03-15 01:27:49 status half-configured openjdk-21-jdk-headless:amd64 21.0.9+10-1~25.04
2026-03-15 01:27:49 status installed openjdk-21-jdk-headless:amd64 21.0.9+10-1~25.04
2026-03-15 01:27:49 configure default-jre-headless:amd64 2:1.21-76 <none>
2026-03-15 01:27:49 status unpacked default-jre-headless:amd64 2:1.21-76
2026-03-15 01:27:49 status half-configured default-jre-headless:amd64 2:1.21-76
2026-03-15 01:27:49 status installed default-jre-headless:amd64 2:1.21-76
2026-03-15 01:27:49 configure default-jre:amd64 2:1.21-76 <none>
2026-03-15 01:27:49 status unpacked default-jre:amd64 2:1.21-76
2026-03-15 01:27:49 status half-configured default-jre:amd64 2:1.21-76
2026-03-15 01:27:49 status installed default-jre:amd64 2:1.21-76
2026-03-15 01:27:49 configure openjdk-21-jdk:amd64 21.0.9+10-1~25.04 <none>
2026-03-15 01:27:49 status unpacked openjdk-21-jdk:amd64 21.0.9+10-1~25.04
2026-03-15 01:27:49 status half-configured openjdk-21-jdk:amd64 21.0.9+10-1~25.04
2026-03-15 01:27:49 status installed openjdk-21-jdk:amd64 21.0.9+10-1~25.04
2026-03-15 01:27:49 configure default-jdk-headless:amd64 2:1.21-76 <none>
2026-03-15 01:27:49 status unpacked default-jdk-headless:amd64 2:1.21-76
2026-03-15 01:27:49 status half-configured default-jdk-headless:amd64 2:1.21-76
2026-03-15 01:27:49 status installed default-jdk-headless:amd64 2:1.21-76
2026-03-15 01:27:49 configure default-jdk:amd64 2:1.21-76 <none>
2026-03-15 01:27:49 status unpacked default-jdk:amd64 2:1.21-76
2026-03-15 01:27:49 status half-configured default-jdk:amd64 2:1.21-76
2026-03-15 01:27:49 status installed default-jdk:amd64 2:1.21-76
2026-03-26 14:18:13 startup archives unpack
2026-03-26 14:18:13 install libiperf0:amd64 <none> 3.18-2
2026-03-26 14:18:13 status triggers-pending libc-bin:amd64 2.41-6ubuntu1.2
2026-03-26 14:18:13 status half-installed libiperf0:amd64 3.18-2
2026-03-26 14:18:13 status unpacked libiperf0:amd64 3.18-2
2026-03-26 14:18:13 install iperf3:amd64 <none> 3.18-2
2026-03-26 14:18:13 status half-installed iperf3:amd64 3.18-2
2026-03-26 14:18:13 status triggers-pending ufw:all 0.36.2-9
2026-03-26 14:18:13 status triggers-pending man-db:amd64 2.13.0-1
2026-03-26 14:18:13 status unpacked iperf3:amd64 3.18-2
2026-03-26 14:18:13 startup packages configure
2026-03-26 14:18:13 configure libiperf0:amd64 3.18-2 <none>
2026-03-26 14:18:13 status unpacked libiperf0:amd64 3.18-2
2026-03-26 14:18:13 status half-configured libiperf0:amd64 3.18-2
2026-03-26 14:18:13 status installed libiperf0:amd64 3.18-2
2026-03-26 14:18:13 configure iperf3:amd64 3.18-2 <none>
2026-03-26 14:18:13 status unpacked iperf3:amd64 3.18-2
2026-03-26 14:18:13 status half-configured iperf3:amd64 3.18-2
2026-03-26 14:18:13 status installed iperf3:amd64 3.18-2
2026-03-26 14:18:13 trigproc ufw:all 0.36.2-9 <none>
2026-03-26 14:18:13 status half-configured ufw:all 0.36.2-9
2026-03-26 14:18:14 status installed ufw:all 0.36.2-9
2026-03-26 14:18:14 trigproc man-db:amd64 2.13.0-1 <none>
2026-03-26 14:18:14 status half-configured man-db:amd64 2.13.0-1
2026-03-26 14:18:14 status installed man-db:amd64 2.13.0-1
2026-03-26 14:18:14 trigproc libc-bin:amd64 2.41-6ubuntu1.2 <none>
2026-03-26 14:18:14 status half-configured libc-bin:amd64 2.41-6ubuntu1.2
2026-03-26 14:18:14 status installed libc-bin:amd64 2.41-6ubuntu1.2
2026-03-26 15:52:23 startup archives unpack
2026-03-26 15:52:23 install libfmt10:amd64 <none> 10.1.1+ds1-4
2026-03-26 15:52:23 status triggers-pending libc-bin:amd64 2.41-6ubuntu1.2
2026-03-26 15:52:23 status half-installed libfmt10:amd64 10.1.1+ds1-4
2026-03-26 15:52:23 status unpacked libfmt10:amd64 10.1.1+ds1-4
2026-03-26 15:52:23 install ccache:amd64 <none> 4.10.2-1build1
2026-03-26 15:52:23 status half-installed ccache:amd64 4.10.2-1build1
2026-03-26 15:52:23 status triggers-pending man-db:amd64 2.13.0-1
2026-03-26 15:52:23 status unpacked ccache:amd64 4.10.2-1build1
2026-03-26 15:52:23 startup packages configure
2026-03-26 15:52:23 configure libfmt10:amd64 10.1.1+ds1-4 <none>
2026-03-26 15:52:23 status unpacked libfmt10:amd64 10.1.1+ds1-4
2026-03-26 15:52:23 status half-configured libfmt10:amd64 10.1.1+ds1-4
2026-03-26 15:52:23 status installed libfmt10:amd64 10.1.1+ds1-4
2026-03-26 15:52:23 configure ccache:amd64 4.10.2-1build1 <none>
2026-03-26 15:52:23 status unpacked ccache:amd64 4.10.2-1build1
2026-03-26 15:52:23 status half-configured ccache:amd64 4.10.2-1build1
2026-03-26 15:52:23 status installed ccache:amd64 4.10.2-1build1
2026-03-26 15:52:23 trigproc libc-bin:amd64 2.41-6ubuntu1.2 <none>
2026-03-26 15:52:23 status half-configured libc-bin:amd64 2.41-6ubuntu1.2
2026-03-26 15:52:23 status installed libc-bin:amd64 2.41-6ubuntu1.2
2026-03-26 15:52:23 trigproc man-db:amd64 2.13.0-1 <none>
2026-03-26 15:52:23 status half-configured man-db:amd64 2.13.0-1
2026-03-26 15:52:24 status installed man-db:amd64 2.13.0-1
2026-03-26 16:48:38 startup archives unpack
2026-03-26 16:48:38 install meson:all <none> 1.7.0-1ubuntu1
2026-03-26 16:48:38 status half-installed meson:all 1.7.0-1ubuntu1
2026-03-26 16:48:38 status triggers-pending man-db:amd64 2.13.0-1
2026-03-26 16:48:38 status unpacked meson:all 1.7.0-1ubuntu1
2026-03-26 16:48:38 startup packages configure
2026-03-26 16:48:38 configure meson:all 1.7.0-1ubuntu1 <none>
2026-03-26 16:48:38 status unpacked meson:all 1.7.0-1ubuntu1
2026-03-26 16:48:38 status half-configured meson:all 1.7.0-1ubuntu1
2026-03-26 16:48:39 status installed meson:all 1.7.0-1ubuntu1
2026-03-26 16:48:39 trigproc man-db:amd64 2.13.0-1 <none>
2026-03-26 16:48:39 status half-configured man-db:amd64 2.13.0-1
2026-03-26 16:48:39 status installed man-db:amd64 2.13.0-1
2026-03-26 16:54:17 startup archives unpack
2026-03-26 16:54:17 install clang-format-20:amd64 <none> 1:20.1.2-0ubuntu1
2026-03-26 16:54:17 status half-installed clang-format-20:amd64 1:20.1.2-0ubuntu1
2026-03-26 16:54:17 status triggers-pending man-db:amd64 2.13.0-1
2026-03-26 16:54:17 status unpacked clang-format-20:amd64 1:20.1.2-0ubuntu1
2026-03-26 16:54:17 install clang-format:amd64 <none> 1:20.0-63ubuntu1
2026-03-26 16:54:17 status half-installed clang-format:amd64 1:20.0-63ubuntu1
2026-03-26 16:54:17 status unpacked clang-format:amd64 1:20.0-63ubuntu1
2026-03-26 16:54:18 startup packages configure
2026-03-26 16:54:18 configure clang-format-20:amd64 1:20.1.2-0ubuntu1 <none>
2026-03-26 16:54:18 status unpacked clang-format-20:amd64 1:20.1.2-0ubuntu1
2026-03-26 16:54:18 status half-configured clang-format-20:amd64 1:20.1.2-0ubuntu1
2026-03-26 16:54:18 status installed clang-format-20:amd64 1:20.1.2-0ubuntu1
2026-03-26 16:54:18 configure clang-format:amd64 1:20.0-63ubuntu1 <none>
2026-03-26 16:54:18 status unpacked clang-format:amd64 1:20.0-63ubuntu1
2026-03-26 16:54:18 status half-configured clang-format:amd64 1:20.0-63ubuntu1
2026-03-26 16:54:18 status installed clang-format:amd64 1:20.0-63ubuntu1
2026-03-26 16:54:18 trigproc man-db:amd64 2.13.0-1 <none>
2026-03-26 16:54:18 status half-configured man-db:amd64 2.13.0-1
2026-03-26 16:54:18 status installed man-db:amd64 2.13.0-1
2026-03-26 16:54:53 startup archives unpack
2026-03-26 16:54:54 install libsubunit0:amd64 <none> 1.4.2-3build1
2026-03-26 16:54:54 status triggers-pending libc-bin:amd64 2.41-6ubuntu1.2
2026-03-26 16:54:54 status half-installed libsubunit0:amd64 1.4.2-3build1
2026-03-26 16:54:54 status unpacked libsubunit0:amd64 1.4.2-3build1
2026-03-26 16:54:54 install libsubunit-dev:amd64 <none> 1.4.2-3build1
2026-03-26 16:54:54 status half-installed libsubunit-dev:amd64 1.4.2-3build1
2026-03-26 16:54:54 status unpacked libsubunit-dev:amd64 1.4.2-3build1
2026-03-26 16:54:54 install check:amd64 <none> 0.15.2-3
2026-03-26 16:54:54 status half-installed check:amd64 0.15.2-3
2026-03-26 16:54:54 status triggers-pending install-info:amd64 7.1.1-1
2026-03-26 16:54:54 status triggers-pending man-db:amd64 2.13.0-1
2026-03-26 16:54:54 status unpacked check:amd64 0.15.2-3
2026-03-26 16:54:54 install cscope:amd64 <none> 15.9-2
2026-03-26 16:54:54 status half-installed cscope:amd64 15.9-2
2026-03-26 16:54:54 status unpacked cscope:amd64 15.9-2
2026-03-26 16:54:54 install dh-python:all <none> 6.20250308
2026-03-26 16:54:54 status half-installed dh-python:all 6.20250308
2026-03-26 16:54:54 status unpacked dh-python:all 6.20250308
2026-03-26 16:54:54 install exuberant-ctags:amd64 <none> 1:5.9~svn20110310-19build1
2026-03-26 16:54:54 status half-installed exuberant-ctags:amd64 1:5.9~svn20110310-19build1
2026-03-26 16:54:54 status unpacked exuberant-ctags:amd64 1:5.9~svn20110310-19build1
2026-03-26 16:54:54 install iperf:amd64 <none> 2.2.1+dfsg-1
2026-03-26 16:54:54 status half-installed iperf:amd64 2.2.1+dfsg-1
2026-03-26 16:54:54 status triggers-pending ufw:all 0.36.2-9
2026-03-26 16:54:54 status unpacked iperf:amd64 2.2.1+dfsg-1
2026-03-26 16:54:54 install libnamespace-autoclean-perl:all <none> 0.31-1
2026-03-26 16:54:54 status half-installed libnamespace-autoclean-perl:all 0.31-1
2026-03-26 16:54:54 status unpacked libnamespace-autoclean-perl:all 0.31-1
2026-03-26 16:54:54 install libeval-closure-perl:all <none> 0.14-3
2026-03-26 16:54:54 status half-installed libeval-closure-perl:all 0.14-3
2026-03-26 16:54:54 status unpacked libeval-closure-perl:all 0.14-3
2026-03-26 16:54:54 install libparams-validationcompiler-perl:all <none> 0.31-1
2026-03-26 16:54:54 status half-installed libparams-validationcompiler-perl:all 0.31-1
2026-03-26 16:54:54 status unpacked libparams-validationcompiler-perl:all 0.31-1
2026-03-26 16:54:54 install libalgorithm-c3-perl:all <none> 0.11-2
2026-03-26 16:54:54 status half-installed libalgorithm-c3-perl:all 0.11-2
2026-03-26 16:54:54 status unpacked libalgorithm-c3-perl:all 0.11-2
2026-03-26 16:54:54 install libclass-c3-perl:all <none> 0.35-2
2026-03-26 16:54:54 status half-installed libclass-c3-perl:all 0.35-2
2026-03-26 16:54:54 status unpacked libclass-c3-perl:all 0.35-2
2026-03-26 16:54:54 install libmro-compat-perl:all <none> 0.15-2
2026-03-26 16:54:54 status half-installed libmro-compat-perl:all 0.15-2
2026-03-26 16:54:54 status unpacked libmro-compat-perl:all 0.15-2
2026-03-26 16:54:54 install libxstring-perl:amd64 <none> 0.005-2build4
2026-03-26 16:54:54 status half-installed libxstring-perl:amd64 0.005-2build4
2026-03-26 16:54:54 status unpacked libxstring-perl:amd64 0.005-2build4
2026-03-26 16:54:54 install libspecio-perl:all <none> 0.50-1
2026-03-26 16:54:54 status half-installed libspecio-perl:all 0.50-1
2026-03-26 16:54:54 status unpacked libspecio-perl:all 0.50-1
2026-03-26 16:54:54 install libdatetime-locale-perl:all <none> 1:1.41-1
2026-03-26 16:54:54 status half-installed libdatetime-locale-perl:all 1:1.41-1
2026-03-26 16:54:55 status unpacked libdatetime-locale-perl:all 1:1.41-1
2026-03-26 16:54:55 install libclass-singleton-perl:all <none> 1.6-2
2026-03-26 16:54:55 status half-installed libclass-singleton-perl:all 1.6-2
2026-03-26 16:54:55 status unpacked libclass-singleton-perl:all 1.6-2
2026-03-26 16:54:55 install libdatetime-timezone-perl:all <none> 1:2.64-1+2025a
2026-03-26 16:54:55 status half-installed libdatetime-timezone-perl:all 1:2.64-1+2025a
2026-03-26 16:54:55 status unpacked libdatetime-timezone-perl:all 1:2.64-1+2025a
2026-03-26 16:54:55 install libdatetime-perl:amd64 <none> 2:1.65-1build3
2026-03-26 16:54:55 status half-installed libdatetime-perl:amd64 2:1.65-1build3
2026-03-26 16:54:55 status unpacked libdatetime-perl:amd64 2:1.65-1build3
2026-03-26 16:54:55 install lcov:all <none> 2.3-1
2026-03-26 16:54:55 status half-installed lcov:all 2.3-1
2026-03-26 16:54:55 status unpacked lcov:all 2.3-1
2026-03-26 16:54:55 install libclass-c3-xs-perl:amd64 <none> 0.15-1build7
2026-03-26 16:54:55 status half-installed libclass-c3-xs-perl:amd64 0.15-1build7
2026-03-26 16:54:55 status unpacked libclass-c3-xs-perl:amd64 0.15-1build7
2026-03-26 16:54:55 install libpadwalker-perl:amd64 <none> 2.5-1build7
2026-03-26 16:54:55 status half-installed libpadwalker-perl:amd64 2.5-1build7
2026-03-26 16:54:55 status unpacked libpadwalker-perl:amd64 2.5-1build7
2026-03-26 16:54:55 install libdevel-caller-perl:amd64 <none> 2.07-1build4
2026-03-26 16:54:55 status half-installed libdevel-caller-perl:amd64 2.07-1build4
2026-03-26 16:54:55 status unpacked libdevel-caller-perl:amd64 2.07-1build4
2026-03-26 16:54:55 install libdevel-lexalias-perl:amd64 <none> 0.05-3build5
2026-03-26 16:54:55 status half-installed libdevel-lexalias-perl:amd64 0.05-3build5
2026-03-26 16:54:55 status unpacked libdevel-lexalias-perl:amd64 0.05-3build5
2026-03-26 16:54:56 install libiberty-dev:amd64 <none> 20250315-1
2026-03-26 16:54:56 status half-installed libiberty-dev:amd64 20250315-1
2026-03-26 16:54:56 status unpacked libiberty-dev:amd64 20250315-1
2026-03-26 16:54:56 install libreadonly-perl:all <none> 2.050-3
2026-03-26 16:54:56 status half-installed libreadonly-perl:all 2.050-3
2026-03-26 16:54:56 status unpacked libreadonly-perl:all 2.050-3
2026-03-26 16:54:56 install libref-util-perl:all <none> 0.204-2
2026-03-26 16:54:56 status half-installed libref-util-perl:all 0.204-2
2026-03-26 16:54:56 status unpacked libref-util-perl:all 0.204-2
2026-03-26 16:54:56 install libref-util-xs-perl:amd64 <none> 0.117-2build5
2026-03-26 16:54:56 status half-installed libref-util-xs-perl:amd64 0.117-2build5
2026-03-26 16:54:56 status unpacked libref-util-xs-perl:amd64 0.117-2build5
2026-03-26 16:54:56 install libunwind-dev:amd64 <none> 1.6.2-3.1
2026-03-26 16:54:56 status half-installed libunwind-dev:amd64 1.6.2-3.1
2026-03-26 16:54:56 status unpacked libunwind-dev:amd64 1.6.2-3.1
2026-03-26 16:54:56 install python3-all:amd64 <none> 3.13.3-1
2026-03-26 16:54:56 status half-installed python3-all:amd64 3.13.3-1
2026-03-26 16:54:56 status unpacked python3-all:amd64 3.13.3-1
2026-03-26 16:54:56 install python3-soupsieve:all <none> 2.6-1
2026-03-26 16:54:56 status half-installed python3-soupsieve:all 2.6-1
2026-03-26 16:54:56 status unpacked python3-soupsieve:all 2.6-1
2026-03-26 16:54:56 install python3-bs4:all <none> 4.13.3-2
2026-03-26 16:54:56 status half-installed python3-bs4:all 4.13.3-2
2026-03-26 16:54:56 status unpacked python3-bs4:all 4.13.3-2
2026-03-26 16:54:56 install python3-colorlog:all <none> 6.9.0-1
2026-03-26 16:54:56 status half-installed python3-colorlog:all 6.9.0-1
2026-03-26 16:54:56 status unpacked python3-colorlog:all 6.9.0-1
2026-03-26 16:54:56 install python3-distlib:all <none> 0.3.9-1
2026-03-26 16:54:56 status half-installed python3-distlib:all 0.3.9-1
2026-03-26 16:54:56 status unpacked python3-distlib:all 0.3.9-1
2026-03-26 16:54:56 install python3-filelock:all <none> 3.18.0-1
2026-03-26 16:54:56 status half-installed python3-filelock:all 3.18.0-1
2026-03-26 16:54:56 status unpacked python3-filelock:all 3.18.0-1
2026-03-26 16:54:56 install python3-webencodings:all <none> 0.5.1-5
2026-03-26 16:54:56 status half-installed python3-webencodings:all 0.5.1-5
2026-03-26 16:54:56 status unpacked python3-webencodings:all 0.5.1-5
2026-03-26 16:54:56 install python3-html5lib:all <none> 1.2-1
2026-03-26 16:54:56 status half-installed python3-html5lib:all 1.2-1
2026-03-26 16:54:56 status unpacked python3-html5lib:all 1.2-1
2026-03-26 16:54:56 install python3-lxml:amd64 <none> 5.3.2-1
2026-03-26 16:54:56 status half-installed python3-lxml:amd64 5.3.2-1
2026-03-26 16:54:56 status unpacked python3-lxml:amd64 5.3.2-1
2026-03-26 16:54:56 install python3-platformdirs:all <none> 4.3.6-1
2026-03-26 16:54:56 status half-installed python3-platformdirs:all 4.3.6-1
2026-03-26 16:54:56 status unpacked python3-platformdirs:all 4.3.6-1
2026-03-26 16:54:57 install python3-venv:amd64 <none> 3.13.3-1
2026-03-26 16:54:57 status half-installed python3-venv:amd64 3.13.3-1
2026-03-26 16:54:57 status unpacked python3-venv:amd64 3.13.3-1
2026-03-26 16:54:57 install python3-wheel-whl:all <none> 0.45.1-1
2026-03-26 16:54:57 status half-installed python3-wheel-whl:all 0.45.1-1
2026-03-26 16:54:57 status unpacked python3-wheel-whl:all 0.45.1-1
2026-03-26 16:54:57 install python3-virtualenv:all <none> 20.29.1+ds-1
2026-03-26 16:54:57 status half-installed python3-virtualenv:all 20.29.1+ds-1
2026-03-26 16:54:57 status unpacked python3-virtualenv:all 20.29.1+ds-1
2026-03-26 16:54:57 install gcovr:all <none> 7.2+really-1.1
2026-03-26 16:54:57 status half-installed gcovr:all 7.2+really-1.1
2026-03-26 16:54:57 status unpacked gcovr:all 7.2+really-1.1
2026-03-26 16:54:57 install git-review:all <none> 2.4.0-1
2026-03-26 16:54:57 status half-installed git-review:all 2.4.0-1
2026-03-26 16:54:57 status unpacked git-review:all 2.4.0-1
2026-03-26 16:54:57 install libgd-perl:amd64 <none> 2.78-1build4
2026-03-26 16:54:57 status half-installed libgd-perl:amd64 2.78-1build4
2026-03-26 16:54:57 status unpacked libgd-perl:amd64 2.78-1build4
2026-03-26 16:54:57 install python3-cssselect:all <none> 1.3.0-1
2026-03-26 16:54:57 status half-installed python3-cssselect:all 1.3.0-1
2026-03-26 16:54:57 status unpacked python3-cssselect:all 1.3.0-1
2026-03-26 16:54:57 startup packages configure
2026-03-26 16:54:57 configure dh-python:all 6.20250308 <none>
2026-03-26 16:54:57 status unpacked dh-python:all 6.20250308
2026-03-26 16:54:57 status half-configured dh-python:all 6.20250308
2026-03-26 16:54:57 status installed dh-python:all 6.20250308
2026-03-26 16:54:57 configure python3-filelock:all 3.18.0-1 <none>
2026-03-26 16:54:57 status unpacked python3-filelock:all 3.18.0-1
2026-03-26 16:54:57 status half-configured python3-filelock:all 3.18.0-1
2026-03-26 16:54:57 status installed python3-filelock:all 3.18.0-1
2026-03-26 16:54:57 configure libunwind-dev:amd64 1.6.2-3.1 <none>
2026-03-26 16:54:57 status unpacked libunwind-dev:amd64 1.6.2-3.1
2026-03-26 16:54:57 status half-configured libunwind-dev:amd64 1.6.2-3.1
2026-03-26 16:54:57 status installed libunwind-dev:amd64 1.6.2-3.1
2026-03-26 16:54:57 configure libref-util-xs-perl:amd64 0.117-2build5 <none>
2026-03-26 16:54:57 status unpacked libref-util-xs-perl:amd64 0.117-2build5
2026-03-26 16:54:57 status half-configured libref-util-xs-perl:amd64 0.117-2build5
2026-03-26 16:54:57 status installed libref-util-xs-perl:amd64 0.117-2build5
2026-03-26 16:54:57 configure exuberant-ctags:amd64 1:5.9~svn20110310-19build1 <none>
2026-03-26 16:54:57 status unpacked exuberant-ctags:amd64 1:5.9~svn20110310-19build1
2026-03-26 16:54:57 status half-configured exuberant-ctags:amd64 1:5.9~svn20110310-19build1
2026-03-26 16:54:57 status installed exuberant-ctags:amd64 1:5.9~svn20110310-19build1
2026-03-26 16:54:57 configure python3-colorlog:all 6.9.0-1 <none>
2026-03-26 16:54:57 status unpacked python3-colorlog:all 6.9.0-1
2026-03-26 16:54:57 status half-configured python3-colorlog:all 6.9.0-1
2026-03-26 16:54:57 status installed python3-colorlog:all 6.9.0-1
2026-03-26 16:54:57 configure python3-all:amd64 3.13.3-1 <none>
2026-03-26 16:54:57 status unpacked python3-all:amd64 3.13.3-1
2026-03-26 16:54:57 status half-configured python3-all:amd64 3.13.3-1
2026-03-26 16:54:57 status installed python3-all:amd64 3.13.3-1
2026-03-26 16:54:57 configure cscope:amd64 15.9-2 <none>
2026-03-26 16:54:57 status unpacked cscope:amd64 15.9-2
2026-03-26 16:54:57 status half-configured cscope:amd64 15.9-2
2026-03-26 16:54:57 status installed cscope:amd64 15.9-2
2026-03-26 16:54:57 configure libclass-singleton-perl:all 1.6-2 <none>
2026-03-26 16:54:57 status unpacked libclass-singleton-perl:all 1.6-2
2026-03-26 16:54:57 status half-configured libclass-singleton-perl:all 1.6-2
2026-03-26 16:54:57 status installed libclass-singleton-perl:all 1.6-2
2026-03-26 16:54:57 configure libpadwalker-perl:amd64 2.5-1build7 <none>
2026-03-26 16:54:57 status unpacked libpadwalker-perl:amd64 2.5-1build7
2026-03-26 16:54:57 status half-configured libpadwalker-perl:amd64 2.5-1build7
2026-03-26 16:54:57 status installed libpadwalker-perl:amd64 2.5-1build7
2026-03-26 16:54:57 configure libxstring-perl:amd64 0.005-2build4 <none>
2026-03-26 16:54:57 status unpacked libxstring-perl:amd64 0.005-2build4
2026-03-26 16:54:57 status half-configured libxstring-perl:amd64 0.005-2build4
2026-03-26 16:54:57 status installed libxstring-perl:amd64 0.005-2build4
2026-03-26 16:54:57 configure python3-distlib:all 0.3.9-1 <none>
2026-03-26 16:54:57 status unpacked python3-distlib:all 0.3.9-1
2026-03-26 16:54:57 status half-configured python3-distlib:all 0.3.9-1
2026-03-26 16:54:57 status installed python3-distlib:all 0.3.9-1
2026-03-26 16:54:58 configure libsubunit0:amd64 1.4.2-3build1 <none>
2026-03-26 16:54:58 status unpacked libsubunit0:amd64 1.4.2-3build1
2026-03-26 16:54:58 status half-configured libsubunit0:amd64 1.4.2-3build1
2026-03-26 16:54:58 status installed libsubunit0:amd64 1.4.2-3build1
2026-03-26 16:54:58 configure libclass-c3-xs-perl:amd64 0.15-1build7 <none>
2026-03-26 16:54:58 status unpacked libclass-c3-xs-perl:amd64 0.15-1build7
2026-03-26 16:54:58 status half-configured libclass-c3-xs-perl:amd64 0.15-1build7
2026-03-26 16:54:58 status installed libclass-c3-xs-perl:amd64 0.15-1build7
2026-03-26 16:54:58 configure python3-webencodings:all 0.5.1-5 <none>
2026-03-26 16:54:58 status unpacked python3-webencodings:all 0.5.1-5
2026-03-26 16:54:58 status half-configured python3-webencodings:all 0.5.1-5
2026-03-26 16:54:58 status installed python3-webencodings:all 0.5.1-5
2026-03-26 16:54:58 configure libdevel-caller-perl:amd64 2.07-1build4 <none>
2026-03-26 16:54:58 status unpacked libdevel-caller-perl:amd64 2.07-1build4
2026-03-26 16:54:58 status half-configured libdevel-caller-perl:amd64 2.07-1build4
2026-03-26 16:54:58 status installed libdevel-caller-perl:amd64 2.07-1build4
2026-03-26 16:54:58 configure python3-platformdirs:all 4.3.6-1 <none>
2026-03-26 16:54:58 status unpacked python3-platformdirs:all 4.3.6-1
2026-03-26 16:54:58 status half-configured python3-platformdirs:all 4.3.6-1
2026-03-26 16:54:58 status installed python3-platformdirs:all 4.3.6-1
2026-03-26 16:54:58 configure libgd-perl:amd64 2.78-1build4 <none>
2026-03-26 16:54:58 status unpacked libgd-perl:amd64 2.78-1build4
2026-03-26 16:54:58 status half-configured libgd-perl:amd64 2.78-1build4
2026-03-26 16:54:58 status installed libgd-perl:amd64 2.78-1build4
2026-03-26 16:54:58 configure libreadonly-perl:all 2.050-3 <none>
2026-03-26 16:54:58 status unpacked libreadonly-perl:all 2.050-3
2026-03-26 16:54:58 status half-configured libreadonly-perl:all 2.050-3
2026-03-26 16:54:58 status installed libreadonly-perl:all 2.050-3
2026-03-26 16:54:58 configure libdevel-lexalias-perl:amd64 0.05-3build5 <none>
2026-03-26 16:54:58 status unpacked libdevel-lexalias-perl:amd64 0.05-3build5
2026-03-26 16:54:58 status half-configured libdevel-lexalias-perl:amd64 0.05-3build5
2026-03-26 16:54:58 status installed libdevel-lexalias-perl:amd64 0.05-3build5
2026-03-26 16:54:58 configure libalgorithm-c3-perl:all 0.11-2 <none>
2026-03-26 16:54:58 status unpacked libalgorithm-c3-perl:all 0.11-2
2026-03-26 16:54:58 status half-configured libalgorithm-c3-perl:all 0.11-2
2026-03-26 16:54:58 status installed libalgorithm-c3-perl:all 0.11-2
2026-03-26 16:54:58 configure python3-venv:amd64 3.13.3-1 <none>
2026-03-26 16:54:58 status unpacked python3-venv:amd64 3.13.3-1
2026-03-26 16:54:58 status half-configured python3-venv:amd64 3.13.3-1
2026-03-26 16:54:58 status installed python3-venv:amd64 3.13.3-1
2026-03-26 16:54:58 configure iperf:amd64 2.2.1+dfsg-1 <none>
2026-03-26 16:54:58 status unpacked iperf:amd64 2.2.1+dfsg-1
2026-03-26 16:54:58 status half-configured iperf:amd64 2.2.1+dfsg-1
2026-03-26 16:54:58 status installed iperf:amd64 2.2.1+dfsg-1
2026-03-26 16:54:58 configure libref-util-perl:all 0.204-2 <none>
2026-03-26 16:54:58 status unpacked libref-util-perl:all 0.204-2
2026-03-26 16:54:58 status half-configured libref-util-perl:all 0.204-2
2026-03-26 16:54:58 status installed libref-util-perl:all 0.204-2
2026-03-26 16:54:58 configure git-review:all 2.4.0-1 <none>
2026-03-26 16:54:58 status unpacked git-review:all 2.4.0-1
2026-03-26 16:54:58 status half-configured git-review:all 2.4.0-1
2026-03-26 16:54:58 status installed git-review:all 2.4.0-1
2026-03-26 16:54:58 configure python3-html5lib:all 1.2-1 <none>
2026-03-26 16:54:58 status unpacked python3-html5lib:all 1.2-1
2026-03-26 16:54:58 status half-configured python3-html5lib:all 1.2-1
2026-03-26 16:54:58 status installed python3-html5lib:all 1.2-1
2026-03-26 16:54:58 configure python3-lxml:amd64 5.3.2-1 <none>
2026-03-26 16:54:58 status unpacked python3-lxml:amd64 5.3.2-1
2026-03-26 16:54:58 status half-configured python3-lxml:amd64 5.3.2-1
2026-03-26 16:54:58 status installed python3-lxml:amd64 5.3.2-1
2026-03-26 16:54:58 configure libiberty-dev:amd64 20250315-1 <none>
2026-03-26 16:54:58 status unpacked libiberty-dev:amd64 20250315-1
2026-03-26 16:54:58 status half-configured libiberty-dev:amd64 20250315-1
2026-03-26 16:54:58 status installed libiberty-dev:amd64 20250315-1
2026-03-26 16:54:58 configure libnamespace-autoclean-perl:all 0.31-1 <none>
2026-03-26 16:54:58 status unpacked libnamespace-autoclean-perl:all 0.31-1
2026-03-26 16:54:58 status half-configured libnamespace-autoclean-perl:all 0.31-1
2026-03-26 16:54:58 status installed libnamespace-autoclean-perl:all 0.31-1
2026-03-26 16:54:58 configure python3-cssselect:all 1.3.0-1 <none>
2026-03-26 16:54:58 status unpacked python3-cssselect:all 1.3.0-1
2026-03-26 16:54:58 status half-configured python3-cssselect:all 1.3.0-1
2026-03-26 16:54:58 status installed python3-cssselect:all 1.3.0-1
2026-03-26 16:54:58 configure python3-wheel-whl:all 0.45.1-1 <none>
2026-03-26 16:54:58 status unpacked python3-wheel-whl:all 0.45.1-1
2026-03-26 16:54:58 status half-configured python3-wheel-whl:all 0.45.1-1
2026-03-26 16:54:58 status installed python3-wheel-whl:all 0.45.1-1
2026-03-26 16:54:58 configure python3-soupsieve:all 2.6-1 <none>
2026-03-26 16:54:58 status unpacked python3-soupsieve:all 2.6-1
2026-03-26 16:54:58 status half-configured python3-soupsieve:all 2.6-1
2026-03-26 16:54:58 status installed python3-soupsieve:all 2.6-1
2026-03-26 16:54:58 configure libeval-closure-perl:all 0.14-3 <none>
2026-03-26 16:54:58 status unpacked libeval-closure-perl:all 0.14-3
2026-03-26 16:54:58 status half-configured libeval-closure-perl:all 0.14-3
2026-03-26 16:54:58 status installed libeval-closure-perl:all 0.14-3
2026-03-26 16:54:58 configure libparams-validationcompiler-perl:all 0.31-1 <none>
2026-03-26 16:54:58 status unpacked libparams-validationcompiler-perl:all 0.31-1
2026-03-26 16:54:58 status half-configured libparams-validationcompiler-perl:all 0.31-1
2026-03-26 16:54:58 status installed libparams-validationcompiler-perl:all 0.31-1
2026-03-26 16:54:58 configure libsubunit-dev:amd64 1.4.2-3build1 <none>
2026-03-26 16:54:58 status unpacked libsubunit-dev:amd64 1.4.2-3build1
2026-03-26 16:54:58 status half-configured libsubunit-dev:amd64 1.4.2-3build1
2026-03-26 16:54:58 status installed libsubunit-dev:amd64 1.4.2-3build1
2026-03-26 16:54:58 configure python3-virtualenv:all 20.29.1+ds-1 <none>
2026-03-26 16:54:58 status unpacked python3-virtualenv:all 20.29.1+ds-1
2026-03-26 16:54:58 status half-configured python3-virtualenv:all 20.29.1+ds-1
2026-03-26 16:54:58 status installed python3-virtualenv:all 20.29.1+ds-1
2026-03-26 16:54:58 configure libclass-c3-perl:all 0.35-2 <none>
2026-03-26 16:54:58 status unpacked libclass-c3-perl:all 0.35-2
2026-03-26 16:54:58 status half-configured libclass-c3-perl:all 0.35-2
2026-03-26 16:54:58 status installed libclass-c3-perl:all 0.35-2
2026-03-26 16:54:58 configure gcovr:all 7.2+really-1.1 <none>
2026-03-26 16:54:58 status unpacked gcovr:all 7.2+really-1.1
2026-03-26 16:54:58 status half-configured gcovr:all 7.2+really-1.1
2026-03-26 16:54:59 status installed gcovr:all 7.2+really-1.1
2026-03-26 16:54:59 configure python3-bs4:all 4.13.3-2 <none>
2026-03-26 16:54:59 status unpacked python3-bs4:all 4.13.3-2
2026-03-26 16:54:59 status half-configured python3-bs4:all 4.13.3-2
2026-03-26 16:54:59 status installed python3-bs4:all 4.13.3-2
2026-03-26 16:54:59 configure check:amd64 0.15.2-3 <none>
2026-03-26 16:54:59 status unpacked check:amd64 0.15.2-3
2026-03-26 16:54:59 status half-configured check:amd64 0.15.2-3
2026-03-26 16:54:59 status installed check:amd64 0.15.2-3
2026-03-26 16:54:59 configure libmro-compat-perl:all 0.15-2 <none>
2026-03-26 16:54:59 status unpacked libmro-compat-perl:all 0.15-2
2026-03-26 16:54:59 status half-configured libmro-compat-perl:all 0.15-2
2026-03-26 16:54:59 status installed libmro-compat-perl:all 0.15-2
2026-03-26 16:54:59 configure libspecio-perl:all 0.50-1 <none>
2026-03-26 16:54:59 status unpacked libspecio-perl:all 0.50-1
2026-03-26 16:54:59 status half-configured libspecio-perl:all 0.50-1
2026-03-26 16:54:59 status installed libspecio-perl:all 0.50-1
2026-03-26 16:54:59 configure libdatetime-locale-perl:all 1:1.41-1 <none>
2026-03-26 16:54:59 status unpacked libdatetime-locale-perl:all 1:1.41-1
2026-03-26 16:54:59 status half-configured libdatetime-locale-perl:all 1:1.41-1
2026-03-26 16:54:59 status installed libdatetime-locale-perl:all 1:1.41-1
2026-03-26 16:54:59 configure libdatetime-timezone-perl:all 1:2.64-1+2025a <none>
2026-03-26 16:54:59 status unpacked libdatetime-timezone-perl:all 1:2.64-1+2025a
2026-03-26 16:54:59 status half-configured libdatetime-timezone-perl:all 1:2.64-1+2025a
2026-03-26 16:54:59 status installed libdatetime-timezone-perl:all 1:2.64-1+2025a
2026-03-26 16:54:59 configure libdatetime-perl:amd64 2:1.65-1build3 <none>
2026-03-26 16:54:59 status unpacked libdatetime-perl:amd64 2:1.65-1build3
2026-03-26 16:54:59 status half-configured libdatetime-perl:amd64 2:1.65-1build3
2026-03-26 16:54:59 status installed libdatetime-perl:amd64 2:1.65-1build3
2026-03-26 16:54:59 configure lcov:all 2.3-1 <none>
2026-03-26 16:54:59 status unpacked lcov:all 2.3-1
2026-03-26 16:54:59 status half-configured lcov:all 2.3-1
2026-03-26 16:54:59 status installed lcov:all 2.3-1
2026-03-26 16:54:59 trigproc man-db:amd64 2.13.0-1 <none>
2026-03-26 16:54:59 status half-configured man-db:amd64 2.13.0-1
2026-03-26 16:55:00 status installed man-db:amd64 2.13.0-1
2026-03-26 16:55:00 trigproc install-info:amd64 7.1.1-1 <none>
2026-03-26 16:55:00 status half-configured install-info:amd64 7.1.1-1
2026-03-26 16:55:01 status installed install-info:amd64 7.1.1-1
2026-03-26 16:55:01 trigproc libc-bin:amd64 2.41-6ubuntu1.2 <none>
2026-03-26 16:55:01 status half-configured libc-bin:amd64 2.41-6ubuntu1.2
2026-03-26 16:55:01 status installed libc-bin:amd64 2.41-6ubuntu1.2
2026-03-26 16:55:01 trigproc ufw:all 0.36.2-9 <none>
2026-03-26 16:55:01 status half-configured ufw:all 0.36.2-9
2026-03-26 16:55:01 status installed ufw:all 0.36.2-9
